<?xml version="1.0" encoding="UTF-8"?>
<testsuite xmlns:xsi="http://www.w3.org/2001/XMLSchema-instance" xsi:noNamespaceSchemaLocation="https://maven.apache.org/surefire/maven-surefire-plugin/xsd/surefire-test-report.xsd" name="com.jia.struts2.AppTest" time="0.111" tests="1" errors="0" skipped="0" failures="0">
  <properties>
    <property name="sun.desktop" value="windows"/>
    <property name="awt.toolkit" value="sun.awt.windows.WToolkit"/>
    <property name="file.encoding.pkg" value="sun.io"/>
    <property name="java.specification.version" value="1.8"/>
    <property name="sun.cpu.isalist" value="amd64"/>
    <property name="sun.jnu.encoding" value="GBK"/>
    <property name="java.class.path" value="D:\workspace-nathan\Struts2Spring\target\test-classes;D:\workspace-nathan\Struts2Spring\target\classes;D:\app\localRepository\repository\org\springframework\spring-core\4.1.4.RELEASE\spring-core-4.1.4.RELEASE.jar;D:\app\localRepository\repository\commons-logging\commons-logging\1.2\commons-logging-1.2.jar;D:\app\localRepository\repository\org\springframework\spring-beans\4.1.4.RELEASE\spring-beans-4.1.4.RELEASE.jar;D:\app\localRepository\repository\org\springframework\spring-context\4.1.4.RELEASE\spring-context-4.1.4.RELEASE.jar;D:\app\localRepository\repository\org\springframework\spring-aop\4.1.4.RELEASE\spring-aop-4.1.4.RELEASE.jar;D:\app\localRepository\repository\aopalliance\aopalliance\1.0\aopalliance-1.0.jar;D:\app\localRepository\repository\org\springframework\spring-expression\4.1.4.RELEASE\spring-expression-4.1.4.RELEASE.jar;D:\app\localRepository\repository\org\springframework\spring-context-support\4.1.4.RELEASE\spring-context-support-4.1.4.RELEASE.jar;D:\app\localRepository\repository\org\springframework\spring-web\4.1.4.RELEASE\spring-web-4.1.4.RELEASE.jar;D:\app\localRepository\repository\org\springframework\spring-orm\4.1.4.RELEASE\spring-orm-4.1.4.RELEASE.jar;D:\app\localRepository\repository\org\springframework\spring-jdbc\4.1.4.RELEASE\spring-jdbc-4.1.4.RELEASE.jar;D:\app\localRepository\repository\org\springframework\spring-tx\4.1.4.RELEASE\spring-tx-4.1.4.RELEASE.jar;D:\app\localRepository\repository\org\apache\struts\struts2-core\2.3.20\struts2-core-2.3.20.jar;D:\app\localRepository\repository\org\apache\struts\xwork\xwork-core\2.3.20\xwork-core-2.3.20.jar;D:\app\localRepository\repository\org\ow2\asm\asm\5.0.2\asm-5.0.2.jar;D:\app\localRepository\repository\org\ow2\asm\asm-commons\5.0.2\asm-commons-5.0.2.jar;D:\app\localRepository\repository\org\ow2\asm\asm-tree\5.0.2\asm-tree-5.0.2.jar;D:\app\localRepository\repository\org\freemarker\freemarker\2.3.19\freemarker-2.3.19.jar;D:\app\localRepository\repository\ognl\ognl\3.0.6\ognl-3.0.6.jar;D:\app\localRepository\repository\javassist\javassist\3.11.0.GA\javassist-3.11.0.GA.jar;D:\app\localRepository\repository\commons-fileupload\commons-fileupload\1.3.1\commons-fileupload-1.3.1.jar;D:\app\localRepository\repository\commons-io\commons-io\2.2\commons-io-2.2.jar;D:\app\localRepository\repository\org\apache\struts\struts2-spring-plugin\2.3.20\struts2-spring-plugin-2.3.20.jar;D:\app\localRepository\repository\org\apache\commons\commons-lang3\3.2\commons-lang3-3.2.jar;D:\app\localRepository\repository\org\apache\struts\struts2-convention-plugin\2.3.20\struts2-convention-plugin-2.3.20.jar;D:\app\localRepository\repository\org\apache\logging\log4j\log4j-core\2.11.0\log4j-core-2.11.0.jar;D:\app\localRepository\repository\org\apache\logging\log4j\log4j-api\2.10.0\log4j-api-2.10.0.jar;D:\app\localRepository\repository\junit\junit\4.11\junit-4.11.jar;D:\app\localRepository\repository\org\hamcrest\hamcrest-core\1.3\hamcrest-core-1.3.jar;D:\app\localRepository\repository\com\github\axet\kaptcha\0.0.6\kaptcha-0.0.6.jar;D:\app\localRepository\repository\javax\servlet\servlet-api\2.5\servlet-api-2.5.jar;D:\app\localRepository\repository\com\jhlabs\filters\2.0.235\filters-2.0.235.jar;D:\app\localRepository\repository\org\apache\commons\commons-compress\1.14\commons-compress-1.14.jar;D:\app\localRepository\repository\org\apache\logging\log4j\log4j-slf4j-impl\2.11.0\log4j-slf4j-impl-2.11.0.jar;D:\app\localRepository\repository\org\slf4j\slf4j-api\1.8.0-alpha2\slf4j-api-1.8.0-alpha2.jar;D:\app\localRepository\repository\org\codehaus\jackson\jackson-core-asl\1.9.13\jackson-core-asl-1.9.13.jar;D:\app\localRepository\repository\org\codehaus\jackson\jackson-mapper-asl\1.9.13\jackson-mapper-asl-1.9.13.jar;D:\app\localRepository\repository\com\alibaba\fastjson\1.1.41\fastjson-1.1.41.jar;"/>
    <property name="java.vm.vendor" value="Oracle Corporation"/>
    <property name="sun.arch.data.model" value="64"/>
    <property name="user.variant" value=""/>
    <property name="java.vendor.url" value="http://java.oracle.com/"/>
    <property name="user.timezone" value="Asia/Shanghai"/>
    <property name="java.vm.specification.version" value="1.8"/>
    <property name="os.name" value="Windows 10"/>
    <property name="user.country" value="CN"/>
    <property name="sun.java.launcher" value="SUN_STANDARD"/>
    <property name="sun.boot.library.path" value="C:\Program Files\Java\jdk1.8.0_161\jre\bin"/>
    <property name="sun.java.command" value="C:\Users\Nathan\AppData\Local\Temp\surefire7464782488550458469\surefirebooter1436815217665461965.jar C:\Users\Nathan\AppData\Local\Temp\surefire7464782488550458469 2019-02-25T20-59-56_242-jvmRun1 surefire8538477204582290507tmp surefire_09166949824987047615tmp"/>
    <property name="surefire.test.class.path" value="D:\workspace-nathan\Struts2Spring\target\test-classes;D:\workspace-nathan\Struts2Spring\target\classes;D:\app\localRepository\repository\org\springframework\spring-core\4.1.4.RELEASE\spring-core-4.1.4.RELEASE.jar;D:\app\localRepository\repository\commons-logging\commons-logging\1.2\commons-logging-1.2.jar;D:\app\localRepository\repository\org\springframework\spring-beans\4.1.4.RELEASE\spring-beans-4.1.4.RELEASE.jar;D:\app\localRepository\repository\org\springframework\spring-context\4.1.4.RELEASE\spring-context-4.1.4.RELEASE.jar;D:\app\localRepository\repository\org\springframework\spring-aop\4.1.4.RELEASE\spring-aop-4.1.4.RELEASE.jar;D:\app\localRepository\repository\aopalliance\aopalliance\1.0\aopalliance-1.0.jar;D:\app\localRepository\repository\org\springframework\spring-expression\4.1.4.RELEASE\spring-expression-4.1.4.RELEASE.jar;D:\app\localRepository\repository\org\springframework\spring-context-support\4.1.4.RELEASE\spring-context-support-4.1.4.RELEASE.jar;D:\app\localRepository\repository\org\springframework\spring-web\4.1.4.RELEASE\spring-web-4.1.4.RELEASE.jar;D:\app\localRepository\repository\org\springframework\spring-orm\4.1.4.RELEASE\spring-orm-4.1.4.RELEASE.jar;D:\app\localRepository\repository\org\springframework\spring-jdbc\4.1.4.RELEASE\spring-jdbc-4.1.4.RELEASE.jar;D:\app\localRepository\repository\org\springframework\spring-tx\4.1.4.RELEASE\spring-tx-4.1.4.RELEASE.jar;D:\app\localRepository\repository\org\apache\struts\struts2-core\2.3.20\struts2-core-2.3.20.jar;D:\app\localRepository\repository\org\apache\struts\xwork\xwork-core\2.3.20\xwork-core-2.3.20.jar;D:\app\localRepository\repository\org\ow2\asm\asm\5.0.2\asm-5.0.2.jar;D:\app\localRepository\repository\org\ow2\asm\asm-commons\5.0.2\asm-commons-5.0.2.jar;D:\app\localRepository\repository\org\ow2\asm\asm-tree\5.0.2\asm-tree-5.0.2.jar;D:\app\localRepository\repository\org\freemarker\freemarker\2.3.19\freemarker-2.3.19.jar;D:\app\localRepository\repository\ognl\ognl\3.0.6\ognl-3.0.6.jar;D:\app\localRepository\repository\javassist\javassist\3.11.0.GA\javassist-3.11.0.GA.jar;D:\app\localRepository\repository\commons-fileupload\commons-fileupload\1.3.1\commons-fileupload-1.3.1.jar;D:\app\localRepository\repository\commons-io\commons-io\2.2\commons-io-2.2.jar;D:\app\localRepository\repository\org\apache\struts\struts2-spring-plugin\2.3.20\struts2-spring-plugin-2.3.20.jar;D:\app\localRepository\repository\org\apache\commons\commons-lang3\3.2\commons-lang3-3.2.jar;D:\app\localRepository\repository\org\apache\struts\struts2-convention-plugin\2.3.20\struts2-convention-plugin-2.3.20.jar;D:\app\localRepository\repository\org\apache\logging\log4j\log4j-core\2.11.0\log4j-core-2.11.0.jar;D:\app\localRepository\repository\org\apache\logging\log4j\log4j-api\2.10.0\log4j-api-2.10.0.jar;D:\app\localRepository\repository\junit\junit\4.11\junit-4.11.jar;D:\app\localRepository\repository\org\hamcrest\hamcrest-core\1.3\hamcrest-core-1.3.jar;D:\app\localRepository\repository\com\github\axet\kaptcha\0.0.6\kaptcha-0.0.6.jar;D:\app\localRepository\repository\javax\servlet\servlet-api\2.5\servlet-api-2.5.jar;D:\app\localRepository\repository\com\jhlabs\filters\2.0.235\filters-2.0.235.jar;D:\app\localRepository\repository\org\apache\commons\commons-compress\1.14\commons-compress-1.14.jar;D:\app\localRepository\repository\org\apache\logging\log4j\log4j-slf4j-impl\2.11.0\log4j-slf4j-impl-2.11.0.jar;D:\app\localRepository\repository\org\slf4j\slf4j-api\1.8.0-alpha2\slf4j-api-1.8.0-alpha2.jar;D:\app\localRepository\repository\org\codehaus\jackson\jackson-core-asl\1.9.13\jackson-core-asl-1.9.13.jar;D:\app\localRepository\repository\org\codehaus\jackson\jackson-mapper-asl\1.9.13\jackson-mapper-asl-1.9.13.jar;D:\app\localRepository\repository\com\alibaba\fastjson\1.1.41\fastjson-1.1.41.jar;"/>
    <property name="sun.cpu.endian" value="little"/>
    <property name="user.home" value="C:\Users\Nathan"/>
    <property name="user.language" value="zh"/>
    <property name="java.specification.vendor" value="Oracle Corporation"/>
    <property name="java.home" value="C:\Program Files\Java\jdk1.8.0_161\jre"/>
    <property name="basedir" value="D:\workspace-nathan\Struts2Spring"/>
    <property name="file.separator" value="\"/>
    <property name="line.separator" value="&#10;"/>
    <property name="java.vm.specification.vendor" value="Oracle Corporation"/>
    <property name="java.specification.name" value="Java Platform API Specification"/>
    <property name="java.awt.graphicsenv" value="sun.awt.Win32GraphicsEnvironment"/>
    <property name="surefire.real.class.path" value="C:\Users\Nathan\AppData\Local\Temp\surefire7464782488550458469\surefirebooter1436815217665461965.jar"/>
    <property name="sun.boot.class.path" value="C:\Program Files\Java\jdk1.8.0_161\jre\lib\resources.jar;C:\Program Files\Java\jdk1.8.0_161\jre\lib\rt.jar;C:\Program Files\Java\jdk1.8.0_161\jre\lib\sunrsasign.jar;C:\Program Files\Java\jdk1.8.0_161\jre\lib\jsse.jar;C:\Program Files\Java\jdk1.8.0_161\jre\lib\jce.jar;C:\Program Files\Java\jdk1.8.0_161\jre\lib\charsets.jar;C:\Program Files\Java\jdk1.8.0_161\jre\lib\jfr.jar;C:\Program Files\Java\jdk1.8.0_161\jre\classes"/>
    <property name="user.script" value=""/>
    <property name="sun.management.compiler" value="HotSpot 64-Bit Tiered Compilers"/>
    <property name="java.runtime.version" value="1.8.0_161-b12"/>
    <property name="user.name" value="Nathan"/>
    <property name="path.separator" value=";"/>
    <property name="os.version" value="10.0"/>
    <property name="java.endorsed.dirs" value="C:\Program Files\Java\jdk1.8.0_161\jre\lib\endorsed"/>
    <property name="java.runtime.name" value="Java(TM) SE Runtime Environment"/>
    <property name="file.encoding" value="GBK"/>
    <property name="java.vm.name" value="Java HotSpot(TM) 64-Bit Server VM"/>
    <property name="localRepository" value="D:\app\localRepository\repository"/>
    <property name="java.vendor.url.bug" value="http://bugreport.sun.com/bugreport/"/>
    <property name="java.io.tmpdir" value="C:\Users\Nathan\AppData\Local\Temp\"/>
    <property name="java.version" value="1.8.0_161"/>
    <property name="user.dir" value="D:\workspace-nathan\Struts2Spring"/>
    <property name="os.arch" value="amd64"/>
    <property name="java.vm.specification.name" value="Java Virtual Machine Specification"/>
    <property name="java.awt.printerjob" value="sun.awt.windows.WPrinterJob"/>
    <property name="sun.os.patch.level" value=""/>
    <property name="java.library.path" value="C:\Program Files\Java\jdk1.8.0_161\jre\bin;C:\WINDOWS\Sun\Java\bin;C:\WINDOWS\system32;C:\WINDOWS;C:\ProgramData\Oracle\Java\javapath;C:\Program Files (x86)\Intel\iCLS Client\;C:\Program Files\Intel\iCLS Client\;C:\WINDOWS\system32;C:\WINDOWS;C:\WINDOWS\System32\Wbem;C:\WINDOWS\System32\WindowsPowerShell\v1.0\;C:\Program Files (x86)\Intel\Intel(R) Management Engine Components\DAL;C:\Program Files\Intel\Intel(R) Management Engine Components\DAL;C:\Program Files (x86)\Intel\Intel(R) Management Engine Components\IPT;C:\Program Files\Intel\Intel(R) Management Engine Components\IPT;C:\Program Files\Intel\WiFi\bin\;C:\Program Files\Common Files\Intel\WirelessCommon\;C:\Program Files\TortoiseSVN\bin;C:\Program Files\Java\jdk1.8.0_161\bin;C:\Program Files\Java\jdk1.8.0_161\jre\bin;D:\app\apache-maven-3.3.9\bin;C:\Program Files\TortoiseGit\bin;D:\app\python;D:\app\python\Scripts;D:\app\phantomjs-2.1.1-windows\bin;D:\app\chromedriver;C:\Program Files\Git\cmd;D:\app\gradle-4.4\bin;C:\WINDOWS\System32\OpenSSH\;E:\BaiduNetdiskDownload\protobuf\protoc-3.1.0-win32\bin;C:\Users\Nathan\AppData\Local\Microsoft\WindowsApps;;."/>
    <property name="java.vm.info" value="mixed mode"/>
    <property name="java.vendor" value="Oracle Corporation"/>
    <property name="java.vm.version" value="25.161-b12"/>
    <property name="java.ext.dirs" value="C:\Program Files\Java\jdk1.8.0_161\jre\lib\ext;C:\WINDOWS\Sun\Java\lib\ext"/>
    <property name="sun.io.unicode.encoding" value="UnicodeLittle"/>
    <property name="java.class.version" value="52.0"/>
  </properties>
  <testcase name="shouldAnswerWithTrue" classname="com.jia.struts2.AppTest" time="0.006"/>
</testsuite>